{"W:\\University\\Year 3-2\\Software Development\\Project\\v1.0\\Backend\\core\\connect.js": {"path":"W:\\University\\Year 3-2\\Software Development\\Project\\v1.0\\Backend\\core\\connect.js","statementMap":{"0":{"start":{"line":2,"column":17},"end":{"line":2,"column":36}},"1":{"start":{"line":3,"column":18},"end":{"line":3,"column":41}},"2":{"start":{"line":5,"column":0},"end":{"line":12,"column":2}},"3":{"start":{"line":6,"column":4},"end":{"line":9,"column":7}},"4":{"start":{"line":11,"column":4},"end":{"line":11,"column":20}}},"fnMap":{"0":{"name":"(anonymous_0)","decl":{"start":{"line":5,"column":17},"end":{"line":5,"column":18}},"loc":{"start":{"line":5,"column":29},"end":{"line":12,"column":1}},"line":5}},"branchMap":{},"s":{"0":1,"1":1,"2":1,"3":18,"4":18},"f":{"0":18},"b":{},"_coverageSchema":"1a1c01bbd47fc00a2c39e90264f33305004495a9","hash":"bb91958dfafb5409f1093806c4ae61f7d03e482f"}
,"W:\\University\\Year 3-2\\Software Development\\Project\\v1.0\\Backend\\model\\book-model.js": {"path":"W:\\University\\Year 3-2\\Software Development\\Project\\v1.0\\Backend\\model\\book-model.js","statementMap":{"0":{"start":{"line":3,"column":16},"end":{"line":3,"column":42}},"1":{"start":{"line":4,"column":15},"end":{"line":4,"column":34}},"2":{"start":{"line":5,"column":17},"end":{"line":5,"column":40}},"3":{"start":{"line":8,"column":19},"end":{"line":8,"column":52}},"4":{"start":{"line":13,"column":0},"end":{"line":198,"column":2}},"5":{"start":{"line":15,"column":8},"end":{"line":42,"column":9}},"6":{"start":{"line":16,"column":29},"end":{"line":38,"column":14}},"7":{"start":{"line":17,"column":16},"end":{"line":37,"column":17}},"8":{"start":{"line":18,"column":33},"end":{"line":18,"column":58}},"9":{"start":{"line":19,"column":20},"end":{"line":33,"column":21}},"10":{"start":{"line":20,"column":24},"end":{"line":25,"column":26}},"11":{"start":{"line":27,"column":24},"end":{"line":32,"column":26}},"12":{"start":{"line":34,"column":20},"end":{"line":34,"column":34}},"13":{"start":{"line":36,"column":20},"end":{"line":36,"column":48}},"14":{"start":{"line":39,"column":12},"end":{"line":39,"column":28}},"15":{"start":{"line":41,"column":12},"end":{"line":41,"column":29}},"16":{"start":{"line":45,"column":8},"end":{"line":72,"column":9}},"17":{"start":{"line":46,"column":29},"end":{"line":68,"column":14}},"18":{"start":{"line":47,"column":16},"end":{"line":67,"column":17}},"19":{"start":{"line":48,"column":33},"end":{"line":48,"column":64}},"20":{"start":{"line":49,"column":20},"end":{"line":63,"column":21}},"21":{"start":{"line":50,"column":24},"end":{"line":55,"column":26}},"22":{"start":{"line":57,"column":24},"end":{"line":62,"column":26}},"23":{"start":{"line":64,"column":20},"end":{"line":64,"column":34}},"24":{"start":{"line":66,"column":20},"end":{"line":66,"column":48}},"25":{"start":{"line":69,"column":12},"end":{"line":69,"column":28}},"26":{"start":{"line":71,"column":12},"end":{"line":71,"column":29}},"27":{"start":{"line":75,"column":8},"end":{"line":108,"column":9}},"28":{"start":{"line":76,"column":27},"end":{"line":89,"column":14}},"29":{"start":{"line":77,"column":16},"end":{"line":88,"column":17}},"30":{"start":{"line":78,"column":20},"end":{"line":78,"column":54}},"31":{"start":{"line":79,"column":20},"end":{"line":81,"column":22}},"32":{"start":{"line":83,"column":20},"end":{"line":85,"column":22}},"33":{"start":{"line":87,"column":20},"end":{"line":87,"column":48}},"34":{"start":{"line":90,"column":12},"end":{"line":104,"column":13}},"35":{"start":{"line":91,"column":16},"end":{"line":96,"column":18}},"36":{"start":{"line":98,"column":16},"end":{"line":103,"column":18}},"37":{"start":{"line":105,"column":12},"end":{"line":105,"column":28}},"38":{"start":{"line":107,"column":12},"end":{"line":107,"column":29}},"39":{"start":{"line":111,"column":8},"end":{"line":158,"column":9}},"40":{"start":{"line":112,"column":27},"end":{"line":139,"column":14}},"41":{"start":{"line":113,"column":16},"end":{"line":138,"column":17}},"42":{"start":{"line":114,"column":20},"end":{"line":128,"column":22}},"43":{"start":{"line":129,"column":20},"end":{"line":131,"column":22}},"44":{"start":{"line":133,"column":20},"end":{"line":135,"column":22}},"45":{"start":{"line":137,"column":20},"end":{"line":137,"column":48}},"46":{"start":{"line":140,"column":12},"end":{"line":154,"column":13}},"47":{"start":{"line":141,"column":16},"end":{"line":146,"column":18}},"48":{"start":{"line":148,"column":16},"end":{"line":153,"column":18}},"49":{"start":{"line":155,"column":12},"end":{"line":155,"column":28}},"50":{"start":{"line":157,"column":12},"end":{"line":157,"column":29}},"51":{"start":{"line":161,"column":8},"end":{"line":196,"column":9}},"52":{"start":{"line":162,"column":27},"end":{"line":177,"column":14}},"53":{"start":{"line":163,"column":16},"end":{"line":176,"column":17}},"54":{"start":{"line":164,"column":20},"end":{"line":166,"column":23}},"55":{"start":{"line":167,"column":20},"end":{"line":169,"column":22}},"56":{"start":{"line":171,"column":20},"end":{"line":173,"column":22}},"57":{"start":{"line":175,"column":20},"end":{"line":175,"column":48}},"58":{"start":{"line":178,"column":12},"end":{"line":192,"column":13}},"59":{"start":{"line":179,"column":16},"end":{"line":184,"column":18}},"60":{"start":{"line":186,"column":16},"end":{"line":191,"column":18}},"61":{"start":{"line":193,"column":12},"end":{"line":193,"column":28}},"62":{"start":{"line":195,"column":12},"end":{"line":195,"column":29}}},"fnMap":{"0":{"name":"(anonymous_0)","decl":{"start":{"line":14,"column":16},"end":{"line":14,"column":17}},"loc":{"start":{"line":14,"column":28},"end":{"line":43,"column":5}},"line":14},"1":{"name":"(anonymous_1)","decl":{"start":{"line":16,"column":50},"end":{"line":16,"column":51}},"loc":{"start":{"line":16,"column":70},"end":{"line":38,"column":13}},"line":16},"2":{"name":"(anonymous_2)","decl":{"start":{"line":44,"column":17},"end":{"line":44,"column":18}},"loc":{"start":{"line":44,"column":34},"end":{"line":73,"column":5}},"line":44},"3":{"name":"(anonymous_3)","decl":{"start":{"line":46,"column":50},"end":{"line":46,"column":51}},"loc":{"start":{"line":46,"column":70},"end":{"line":68,"column":13}},"line":46},"4":{"name":"(anonymous_4)","decl":{"start":{"line":74,"column":16},"end":{"line":74,"column":17}},"loc":{"start":{"line":74,"column":32},"end":{"line":109,"column":5}},"line":74},"5":{"name":"(anonymous_5)","decl":{"start":{"line":76,"column":48},"end":{"line":76,"column":49}},"loc":{"start":{"line":76,"column":68},"end":{"line":89,"column":13}},"line":76},"6":{"name":"(anonymous_6)","decl":{"start":{"line":110,"column":16},"end":{"line":110,"column":17}},"loc":{"start":{"line":110,"column":32},"end":{"line":159,"column":5}},"line":110},"7":{"name":"(anonymous_7)","decl":{"start":{"line":112,"column":48},"end":{"line":112,"column":49}},"loc":{"start":{"line":112,"column":68},"end":{"line":139,"column":13}},"line":112},"8":{"name":"(anonymous_8)","decl":{"start":{"line":160,"column":16},"end":{"line":160,"column":17}},"loc":{"start":{"line":160,"column":32},"end":{"line":197,"column":5}},"line":160},"9":{"name":"(anonymous_9)","decl":{"start":{"line":162,"column":48},"end":{"line":162,"column":49}},"loc":{"start":{"line":162,"column":68},"end":{"line":177,"column":13}},"line":162}},"branchMap":{"0":{"loc":{"start":{"line":19,"column":20},"end":{"line":33,"column":21}},"type":"if","locations":[{"start":{"line":19,"column":20},"end":{"line":33,"column":21}},{"start":{"line":26,"column":27},"end":{"line":33,"column":21}}],"line":19},"1":{"loc":{"start":{"line":49,"column":20},"end":{"line":63,"column":21}},"type":"if","locations":[{"start":{"line":49,"column":20},"end":{"line":63,"column":21}},{"start":{"line":56,"column":27},"end":{"line":63,"column":21}}],"line":49},"2":{"loc":{"start":{"line":90,"column":12},"end":{"line":104,"column":13}},"type":"if","locations":[{"start":{"line":90,"column":12},"end":{"line":104,"column":13}},{"start":{"line":97,"column":19},"end":{"line":104,"column":13}}],"line":90},"3":{"loc":{"start":{"line":140,"column":12},"end":{"line":154,"column":13}},"type":"if","locations":[{"start":{"line":140,"column":12},"end":{"line":154,"column":13}},{"start":{"line":147,"column":19},"end":{"line":154,"column":13}}],"line":140},"4":{"loc":{"start":{"line":178,"column":12},"end":{"line":192,"column":13}},"type":"if","locations":[{"start":{"line":178,"column":12},"end":{"line":192,"column":13}},{"start":{"line":185,"column":19},"end":{"line":192,"column":13}}],"line":178}},"s":{"0":1,"1":1,"2":1,"3":1,"4":1,"5":1,"6":1,"7":1,"8":1,"9":1,"10":0,"11":1,"12":1,"13":1,"14":1,"15":0,"16":1,"17":1,"18":1,"19":1,"20":1,"21":0,"22":1,"23":1,"24":1,"25":1,"26":0,"27":1,"28":1,"29":1,"30":1,"31":1,"32":0,"33":1,"34":1,"35":1,"36":0,"37":1,"38":0,"39":0,"40":0,"41":0,"42":0,"43":0,"44":0,"45":0,"46":0,"47":0,"48":0,"49":0,"50":0,"51":1,"52":1,"53":1,"54":1,"55":1,"56":0,"57":1,"58":1,"59":1,"60":0,"61":1,"62":0},"f":{"0":1,"1":1,"2":1,"3":1,"4":1,"5":1,"6":0,"7":0,"8":1,"9":1},"b":{"0":[0,1],"1":[0,1],"2":[1,0],"3":[0,0],"4":[1,0]},"_coverageSchema":"1a1c01bbd47fc00a2c39e90264f33305004495a9","hash":"60bb8de307363ed1a3aebb03c1dae100a0d8451e"}
,"W:\\University\\Year 3-2\\Software Development\\Project\\v1.0\\Backend\\model\\owned-book-model.js": {"path":"W:\\University\\Year 3-2\\Software Development\\Project\\v1.0\\Backend\\model\\owned-book-model.js","statementMap":{"0":{"start":{"line":3,"column":16},"end":{"line":3,"column":42}},"1":{"start":{"line":4,"column":15},"end":{"line":4,"column":34}},"2":{"start":{"line":5,"column":17},"end":{"line":5,"column":40}},"3":{"start":{"line":8,"column":24},"end":{"line":8,"column":63}},"4":{"start":{"line":13,"column":0},"end":{"line":94,"column":2}},"5":{"start":{"line":15,"column":8},"end":{"line":56,"column":9}},"6":{"start":{"line":16,"column":29},"end":{"line":52,"column":14}},"7":{"start":{"line":17,"column":16},"end":{"line":51,"column":17}},"8":{"start":{"line":18,"column":33},"end":{"line":32,"column":22}},"9":{"start":{"line":33,"column":20},"end":{"line":47,"column":21}},"10":{"start":{"line":34,"column":24},"end":{"line":39,"column":26}},"11":{"start":{"line":41,"column":24},"end":{"line":46,"column":26}},"12":{"start":{"line":48,"column":20},"end":{"line":48,"column":34}},"13":{"start":{"line":50,"column":20},"end":{"line":50,"column":48}},"14":{"start":{"line":53,"column":12},"end":{"line":53,"column":28}},"15":{"start":{"line":55,"column":12},"end":{"line":55,"column":29}},"16":{"start":{"line":59,"column":8},"end":{"line":92,"column":9}},"17":{"start":{"line":60,"column":27},"end":{"line":73,"column":14}},"18":{"start":{"line":61,"column":16},"end":{"line":72,"column":17}},"19":{"start":{"line":62,"column":20},"end":{"line":62,"column":59}},"20":{"start":{"line":63,"column":20},"end":{"line":65,"column":22}},"21":{"start":{"line":67,"column":20},"end":{"line":69,"column":22}},"22":{"start":{"line":71,"column":20},"end":{"line":71,"column":48}},"23":{"start":{"line":74,"column":12},"end":{"line":88,"column":13}},"24":{"start":{"line":75,"column":16},"end":{"line":80,"column":18}},"25":{"start":{"line":82,"column":16},"end":{"line":87,"column":18}},"26":{"start":{"line":89,"column":12},"end":{"line":89,"column":28}},"27":{"start":{"line":91,"column":12},"end":{"line":91,"column":29}}},"fnMap":{"0":{"name":"(anonymous_0)","decl":{"start":{"line":14,"column":18},"end":{"line":14,"column":19}},"loc":{"start":{"line":14,"column":35},"end":{"line":57,"column":5}},"line":14},"1":{"name":"(anonymous_1)","decl":{"start":{"line":16,"column":50},"end":{"line":16,"column":51}},"loc":{"start":{"line":16,"column":70},"end":{"line":52,"column":13}},"line":16},"2":{"name":"(anonymous_2)","decl":{"start":{"line":58,"column":13},"end":{"line":58,"column":14}},"loc":{"start":{"line":58,"column":29},"end":{"line":93,"column":5}},"line":58},"3":{"name":"(anonymous_3)","decl":{"start":{"line":60,"column":48},"end":{"line":60,"column":49}},"loc":{"start":{"line":60,"column":68},"end":{"line":73,"column":13}},"line":60}},"branchMap":{"0":{"loc":{"start":{"line":33,"column":20},"end":{"line":47,"column":21}},"type":"if","locations":[{"start":{"line":33,"column":20},"end":{"line":47,"column":21}},{"start":{"line":40,"column":27},"end":{"line":47,"column":21}}],"line":33},"1":{"loc":{"start":{"line":74,"column":12},"end":{"line":88,"column":13}},"type":"if","locations":[{"start":{"line":74,"column":12},"end":{"line":88,"column":13}},{"start":{"line":81,"column":19},"end":{"line":88,"column":13}}],"line":74}},"s":{"0":1,"1":1,"2":1,"3":1,"4":1,"5":1,"6":1,"7":1,"8":1,"9":1,"10":0,"11":1,"12":1,"13":1,"14":1,"15":0,"16":1,"17":1,"18":1,"19":1,"20":1,"21":0,"22":1,"23":1,"24":1,"25":0,"26":1,"27":0},"f":{"0":1,"1":1,"2":1,"3":1},"b":{"0":[0,1],"1":[1,0]},"_coverageSchema":"1a1c01bbd47fc00a2c39e90264f33305004495a9","hash":"96b0d482cb1e41dfb84a4e04909c3770551c49a7"}
,"W:\\University\\Year 3-2\\Software Development\\Project\\v1.0\\Backend\\model\\reward-history-model.js": {"path":"W:\\University\\Year 3-2\\Software Development\\Project\\v1.0\\Backend\\model\\reward-history-model.js","statementMap":{"0":{"start":{"line":2,"column":16},"end":{"line":2,"column":42}},"1":{"start":{"line":3,"column":12},"end":{"line":3,"column":35}},"2":{"start":{"line":6,"column":22},"end":{"line":6,"column":65}},"3":{"start":{"line":11,"column":0},"end":{"line":129,"column":2}},"4":{"start":{"line":13,"column":8},"end":{"line":61,"column":9}},"5":{"start":{"line":14,"column":27},"end":{"line":57,"column":14}},"6":{"start":{"line":15,"column":16},"end":{"line":56,"column":17}},"7":{"start":{"line":16,"column":35},"end":{"line":24,"column":21}},"8":{"start":{"line":20,"column":28},"end":{"line":22,"column":30}},"9":{"start":{"line":25,"column":33},"end":{"line":37,"column":22}},"10":{"start":{"line":38,"column":20},"end":{"line":52,"column":21}},"11":{"start":{"line":39,"column":24},"end":{"line":44,"column":26}},"12":{"start":{"line":46,"column":24},"end":{"line":51,"column":26}},"13":{"start":{"line":53,"column":20},"end":{"line":53,"column":34}},"14":{"start":{"line":55,"column":20},"end":{"line":55,"column":48}},"15":{"start":{"line":58,"column":12},"end":{"line":58,"column":28}},"16":{"start":{"line":60,"column":12},"end":{"line":60,"column":29}},"17":{"start":{"line":64,"column":8},"end":{"line":97,"column":9}},"18":{"start":{"line":65,"column":27},"end":{"line":78,"column":14}},"19":{"start":{"line":66,"column":16},"end":{"line":77,"column":17}},"20":{"start":{"line":67,"column":20},"end":{"line":67,"column":57}},"21":{"start":{"line":68,"column":20},"end":{"line":70,"column":22}},"22":{"start":{"line":72,"column":20},"end":{"line":74,"column":22}},"23":{"start":{"line":76,"column":20},"end":{"line":76,"column":48}},"24":{"start":{"line":79,"column":12},"end":{"line":93,"column":13}},"25":{"start":{"line":80,"column":16},"end":{"line":85,"column":18}},"26":{"start":{"line":87,"column":16},"end":{"line":92,"column":18}},"27":{"start":{"line":94,"column":12},"end":{"line":94,"column":28}},"28":{"start":{"line":96,"column":12},"end":{"line":96,"column":29}},"29":{"start":{"line":100,"column":8},"end":{"line":127,"column":9}},"30":{"start":{"line":101,"column":29},"end":{"line":123,"column":14}},"31":{"start":{"line":102,"column":16},"end":{"line":122,"column":17}},"32":{"start":{"line":103,"column":33},"end":{"line":103,"column":61}},"33":{"start":{"line":104,"column":20},"end":{"line":118,"column":21}},"34":{"start":{"line":105,"column":24},"end":{"line":110,"column":26}},"35":{"start":{"line":112,"column":24},"end":{"line":117,"column":26}},"36":{"start":{"line":119,"column":20},"end":{"line":119,"column":34}},"37":{"start":{"line":121,"column":20},"end":{"line":121,"column":48}},"38":{"start":{"line":124,"column":12},"end":{"line":124,"column":28}},"39":{"start":{"line":126,"column":12},"end":{"line":126,"column":29}}},"fnMap":{"0":{"name":"(anonymous_0)","decl":{"start":{"line":12,"column":23},"end":{"line":12,"column":24}},"loc":{"start":{"line":12,"column":40},"end":{"line":62,"column":5}},"line":12},"1":{"name":"(anonymous_1)","decl":{"start":{"line":14,"column":48},"end":{"line":14,"column":49}},"loc":{"start":{"line":14,"column":68},"end":{"line":57,"column":13}},"line":14},"2":{"name":"(anonymous_2)","decl":{"start":{"line":19,"column":24},"end":{"line":19,"column":25}},"loc":{"start":{"line":19,"column":43},"end":{"line":23,"column":25}},"line":19},"3":{"name":"(anonymous_3)","decl":{"start":{"line":63,"column":16},"end":{"line":63,"column":17}},"loc":{"start":{"line":63,"column":32},"end":{"line":98,"column":5}},"line":63},"4":{"name":"(anonymous_4)","decl":{"start":{"line":65,"column":48},"end":{"line":65,"column":49}},"loc":{"start":{"line":65,"column":68},"end":{"line":78,"column":13}},"line":65},"5":{"name":"(anonymous_5)","decl":{"start":{"line":99,"column":19},"end":{"line":99,"column":20}},"loc":{"start":{"line":99,"column":31},"end":{"line":128,"column":5}},"line":99},"6":{"name":"(anonymous_6)","decl":{"start":{"line":101,"column":50},"end":{"line":101,"column":51}},"loc":{"start":{"line":101,"column":70},"end":{"line":123,"column":13}},"line":101}},"branchMap":{"0":{"loc":{"start":{"line":38,"column":20},"end":{"line":52,"column":21}},"type":"if","locations":[{"start":{"line":38,"column":20},"end":{"line":52,"column":21}},{"start":{"line":45,"column":27},"end":{"line":52,"column":21}}],"line":38},"1":{"loc":{"start":{"line":79,"column":12},"end":{"line":93,"column":13}},"type":"if","locations":[{"start":{"line":79,"column":12},"end":{"line":93,"column":13}},{"start":{"line":86,"column":19},"end":{"line":93,"column":13}}],"line":79},"2":{"loc":{"start":{"line":104,"column":20},"end":{"line":118,"column":21}},"type":"if","locations":[{"start":{"line":104,"column":20},"end":{"line":118,"column":21}},{"start":{"line":111,"column":27},"end":{"line":118,"column":21}}],"line":104}},"s":{"0":1,"1":1,"2":1,"3":1,"4":0,"5":0,"6":0,"7":0,"8":0,"9":0,"10":0,"11":0,"12":0,"13":0,"14":0,"15":0,"16":0,"17":0,"18":0,"19":0,"20":0,"21":0,"22":0,"23":0,"24":0,"25":0,"26":0,"27":0,"28":0,"29":0,"30":0,"31":0,"32":0,"33":0,"34":0,"35":0,"36":0,"37":0,"38":0,"39":0},"f":{"0":0,"1":0,"2":0,"3":0,"4":0,"5":0,"6":0},"b":{"0":[0,0],"1":[0,0],"2":[0,0]},"_coverageSchema":"1a1c01bbd47fc00a2c39e90264f33305004495a9","hash":"8900aace58d3eaacd4c4bf76c131415de2ea8789"}
,"W:\\University\\Year 3-2\\Software Development\\Project\\v1.0\\Backend\\model\\reward-model.js": {"path":"W:\\University\\Year 3-2\\Software Development\\Project\\v1.0\\Backend\\model\\reward-model.js","statementMap":{"0":{"start":{"line":2,"column":16},"end":{"line":2,"column":42}},"1":{"start":{"line":5,"column":21},"end":{"line":5,"column":56}},"2":{"start":{"line":10,"column":0},"end":{"line":192,"column":2}},"3":{"start":{"line":12,"column":8},"end":{"line":39,"column":9}},"4":{"start":{"line":13,"column":29},"end":{"line":35,"column":14}},"5":{"start":{"line":14,"column":16},"end":{"line":34,"column":17}},"6":{"start":{"line":15,"column":33},"end":{"line":15,"column":60}},"7":{"start":{"line":16,"column":20},"end":{"line":30,"column":21}},"8":{"start":{"line":17,"column":24},"end":{"line":22,"column":26}},"9":{"start":{"line":24,"column":24},"end":{"line":29,"column":26}},"10":{"start":{"line":31,"column":20},"end":{"line":31,"column":34}},"11":{"start":{"line":33,"column":20},"end":{"line":33,"column":48}},"12":{"start":{"line":36,"column":12},"end":{"line":36,"column":28}},"13":{"start":{"line":38,"column":12},"end":{"line":38,"column":29}},"14":{"start":{"line":42,"column":8},"end":{"line":69,"column":9}},"15":{"start":{"line":43,"column":29},"end":{"line":65,"column":14}},"16":{"start":{"line":44,"column":16},"end":{"line":64,"column":17}},"17":{"start":{"line":45,"column":33},"end":{"line":45,"column":66}},"18":{"start":{"line":46,"column":20},"end":{"line":60,"column":21}},"19":{"start":{"line":47,"column":24},"end":{"line":52,"column":26}},"20":{"start":{"line":54,"column":24},"end":{"line":59,"column":26}},"21":{"start":{"line":61,"column":20},"end":{"line":61,"column":34}},"22":{"start":{"line":63,"column":20},"end":{"line":63,"column":48}},"23":{"start":{"line":66,"column":12},"end":{"line":66,"column":28}},"24":{"start":{"line":68,"column":12},"end":{"line":68,"column":29}},"25":{"start":{"line":72,"column":8},"end":{"line":105,"column":9}},"26":{"start":{"line":73,"column":27},"end":{"line":86,"column":14}},"27":{"start":{"line":74,"column":16},"end":{"line":85,"column":17}},"28":{"start":{"line":75,"column":20},"end":{"line":75,"column":56}},"29":{"start":{"line":76,"column":20},"end":{"line":78,"column":22}},"30":{"start":{"line":80,"column":20},"end":{"line":82,"column":22}},"31":{"start":{"line":84,"column":20},"end":{"line":84,"column":48}},"32":{"start":{"line":87,"column":12},"end":{"line":101,"column":13}},"33":{"start":{"line":88,"column":16},"end":{"line":93,"column":18}},"34":{"start":{"line":95,"column":16},"end":{"line":100,"column":18}},"35":{"start":{"line":102,"column":12},"end":{"line":102,"column":28}},"36":{"start":{"line":104,"column":12},"end":{"line":104,"column":29}},"37":{"start":{"line":108,"column":8},"end":{"line":152,"column":9}},"38":{"start":{"line":109,"column":27},"end":{"line":133,"column":14}},"39":{"start":{"line":110,"column":16},"end":{"line":132,"column":17}},"40":{"start":{"line":111,"column":20},"end":{"line":122,"column":22}},"41":{"start":{"line":123,"column":20},"end":{"line":125,"column":22}},"42":{"start":{"line":127,"column":20},"end":{"line":129,"column":22}},"43":{"start":{"line":131,"column":20},"end":{"line":131,"column":48}},"44":{"start":{"line":134,"column":12},"end":{"line":148,"column":13}},"45":{"start":{"line":135,"column":16},"end":{"line":140,"column":18}},"46":{"start":{"line":142,"column":16},"end":{"line":147,"column":18}},"47":{"start":{"line":149,"column":12},"end":{"line":149,"column":28}},"48":{"start":{"line":151,"column":12},"end":{"line":151,"column":29}},"49":{"start":{"line":155,"column":8},"end":{"line":190,"column":9}},"50":{"start":{"line":156,"column":27},"end":{"line":171,"column":14}},"51":{"start":{"line":157,"column":16},"end":{"line":170,"column":17}},"52":{"start":{"line":158,"column":20},"end":{"line":160,"column":23}},"53":{"start":{"line":161,"column":20},"end":{"line":163,"column":22}},"54":{"start":{"line":165,"column":20},"end":{"line":167,"column":22}},"55":{"start":{"line":169,"column":20},"end":{"line":169,"column":48}},"56":{"start":{"line":172,"column":12},"end":{"line":186,"column":13}},"57":{"start":{"line":173,"column":16},"end":{"line":178,"column":18}},"58":{"start":{"line":180,"column":16},"end":{"line":185,"column":18}},"59":{"start":{"line":187,"column":12},"end":{"line":187,"column":28}},"60":{"start":{"line":189,"column":12},"end":{"line":189,"column":29}}},"fnMap":{"0":{"name":"(anonymous_0)","decl":{"start":{"line":11,"column":18},"end":{"line":11,"column":19}},"loc":{"start":{"line":11,"column":30},"end":{"line":40,"column":5}},"line":11},"1":{"name":"(anonymous_1)","decl":{"start":{"line":13,"column":50},"end":{"line":13,"column":51}},"loc":{"start":{"line":13,"column":70},"end":{"line":35,"column":13}},"line":13},"2":{"name":"(anonymous_2)","decl":{"start":{"line":41,"column":19},"end":{"line":41,"column":20}},"loc":{"start":{"line":41,"column":36},"end":{"line":70,"column":5}},"line":41},"3":{"name":"(anonymous_3)","decl":{"start":{"line":43,"column":50},"end":{"line":43,"column":51}},"loc":{"start":{"line":43,"column":70},"end":{"line":65,"column":13}},"line":43},"4":{"name":"(anonymous_4)","decl":{"start":{"line":71,"column":18},"end":{"line":71,"column":19}},"loc":{"start":{"line":71,"column":34},"end":{"line":106,"column":5}},"line":71},"5":{"name":"(anonymous_5)","decl":{"start":{"line":73,"column":48},"end":{"line":73,"column":49}},"loc":{"start":{"line":73,"column":68},"end":{"line":86,"column":13}},"line":73},"6":{"name":"(anonymous_6)","decl":{"start":{"line":107,"column":18},"end":{"line":107,"column":19}},"loc":{"start":{"line":107,"column":34},"end":{"line":153,"column":5}},"line":107},"7":{"name":"(anonymous_7)","decl":{"start":{"line":109,"column":48},"end":{"line":109,"column":49}},"loc":{"start":{"line":109,"column":68},"end":{"line":133,"column":13}},"line":109},"8":{"name":"(anonymous_8)","decl":{"start":{"line":154,"column":18},"end":{"line":154,"column":19}},"loc":{"start":{"line":154,"column":34},"end":{"line":191,"column":5}},"line":154},"9":{"name":"(anonymous_9)","decl":{"start":{"line":156,"column":48},"end":{"line":156,"column":49}},"loc":{"start":{"line":156,"column":68},"end":{"line":171,"column":13}},"line":156}},"branchMap":{"0":{"loc":{"start":{"line":16,"column":20},"end":{"line":30,"column":21}},"type":"if","locations":[{"start":{"line":16,"column":20},"end":{"line":30,"column":21}},{"start":{"line":23,"column":27},"end":{"line":30,"column":21}}],"line":16},"1":{"loc":{"start":{"line":46,"column":20},"end":{"line":60,"column":21}},"type":"if","locations":[{"start":{"line":46,"column":20},"end":{"line":60,"column":21}},{"start":{"line":53,"column":27},"end":{"line":60,"column":21}}],"line":46},"2":{"loc":{"start":{"line":87,"column":12},"end":{"line":101,"column":13}},"type":"if","locations":[{"start":{"line":87,"column":12},"end":{"line":101,"column":13}},{"start":{"line":94,"column":19},"end":{"line":101,"column":13}}],"line":87},"3":{"loc":{"start":{"line":134,"column":12},"end":{"line":148,"column":13}},"type":"if","locations":[{"start":{"line":134,"column":12},"end":{"line":148,"column":13}},{"start":{"line":141,"column":19},"end":{"line":148,"column":13}}],"line":134},"4":{"loc":{"start":{"line":172,"column":12},"end":{"line":186,"column":13}},"type":"if","locations":[{"start":{"line":172,"column":12},"end":{"line":186,"column":13}},{"start":{"line":179,"column":19},"end":{"line":186,"column":13}}],"line":172}},"s":{"0":1,"1":1,"2":1,"3":1,"4":1,"5":1,"6":1,"7":1,"8":0,"9":1,"10":1,"11":1,"12":1,"13":0,"14":1,"15":1,"16":1,"17":1,"18":1,"19":0,"20":1,"21":1,"22":1,"23":1,"24":0,"25":1,"26":1,"27":1,"28":1,"29":1,"30":0,"31":1,"32":1,"33":1,"34":0,"35":1,"36":0,"37":0,"38":0,"39":0,"40":0,"41":0,"42":0,"43":0,"44":0,"45":0,"46":0,"47":0,"48":0,"49":1,"50":1,"51":1,"52":1,"53":1,"54":0,"55":1,"56":1,"57":1,"58":0,"59":1,"60":0},"f":{"0":1,"1":1,"2":1,"3":1,"4":1,"5":1,"6":0,"7":0,"8":1,"9":1},"b":{"0":[0,1],"1":[0,1],"2":[1,0],"3":[0,0],"4":[1,0]},"_coverageSchema":"1a1c01bbd47fc00a2c39e90264f33305004495a9","hash":"5c87584bd0abb2db851d16953e345473acc4576f"}
,"W:\\University\\Year 3-2\\Software Development\\Project\\v1.0\\Backend\\model\\user-model.js": {"path":"W:\\University\\Year 3-2\\Software Development\\Project\\v1.0\\Backend\\model\\user-model.js","statementMap":{"0":{"start":{"line":2,"column":16},"end":{"line":2,"column":42}},"1":{"start":{"line":3,"column":15},"end":{"line":3,"column":34}},"2":{"start":{"line":4,"column":17},"end":{"line":4,"column":40}},"3":{"start":{"line":5,"column":12},"end":{"line":5,"column":35}},"4":{"start":{"line":8,"column":19},"end":{"line":8,"column":52}},"5":{"start":{"line":13,"column":0},"end":{"line":287,"column":2}},"6":{"start":{"line":15,"column":8},"end":{"line":58,"column":9}},"7":{"start":{"line":16,"column":27},"end":{"line":38,"column":14}},"8":{"start":{"line":17,"column":16},"end":{"line":37,"column":17}},"9":{"start":{"line":18,"column":33},"end":{"line":18,"column":64}},"10":{"start":{"line":19,"column":20},"end":{"line":33,"column":21}},"11":{"start":{"line":20,"column":24},"end":{"line":25,"column":26}},"12":{"start":{"line":27,"column":24},"end":{"line":32,"column":26}},"13":{"start":{"line":34,"column":20},"end":{"line":34,"column":34}},"14":{"start":{"line":36,"column":20},"end":{"line":36,"column":48}},"15":{"start":{"line":40,"column":12},"end":{"line":54,"column":13}},"16":{"start":{"line":41,"column":16},"end":{"line":46,"column":18}},"17":{"start":{"line":48,"column":16},"end":{"line":53,"column":18}},"18":{"start":{"line":55,"column":12},"end":{"line":55,"column":28}},"19":{"start":{"line":57,"column":12},"end":{"line":57,"column":29}},"20":{"start":{"line":61,"column":8},"end":{"line":96,"column":9}},"21":{"start":{"line":62,"column":27},"end":{"line":77,"column":14}},"22":{"start":{"line":63,"column":16},"end":{"line":76,"column":17}},"23":{"start":{"line":64,"column":37},"end":{"line":64,"column":73}},"24":{"start":{"line":65,"column":20},"end":{"line":65,"column":45}},"25":{"start":{"line":66,"column":20},"end":{"line":66,"column":54}},"26":{"start":{"line":67,"column":20},"end":{"line":69,"column":22}},"27":{"start":{"line":71,"column":20},"end":{"line":73,"column":22}},"28":{"start":{"line":75,"column":20},"end":{"line":75,"column":48}},"29":{"start":{"line":78,"column":12},"end":{"line":92,"column":13}},"30":{"start":{"line":79,"column":16},"end":{"line":84,"column":18}},"31":{"start":{"line":86,"column":16},"end":{"line":91,"column":18}},"32":{"start":{"line":93,"column":12},"end":{"line":93,"column":28}},"33":{"start":{"line":95,"column":12},"end":{"line":95,"column":29}},"34":{"start":{"line":99,"column":8},"end":{"line":141,"column":9}},"35":{"start":{"line":100,"column":27},"end":{"line":122,"column":14}},"36":{"start":{"line":101,"column":16},"end":{"line":121,"column":17}},"37":{"start":{"line":102,"column":33},"end":{"line":102,"column":64}},"38":{"start":{"line":103,"column":20},"end":{"line":117,"column":21}},"39":{"start":{"line":104,"column":24},"end":{"line":109,"column":26}},"40":{"start":{"line":111,"column":24},"end":{"line":116,"column":26}},"41":{"start":{"line":118,"column":20},"end":{"line":118,"column":34}},"42":{"start":{"line":120,"column":20},"end":{"line":120,"column":48}},"43":{"start":{"line":123,"column":12},"end":{"line":137,"column":13}},"44":{"start":{"line":124,"column":16},"end":{"line":129,"column":18}},"45":{"start":{"line":131,"column":16},"end":{"line":136,"column":18}},"46":{"start":{"line":138,"column":12},"end":{"line":138,"column":28}},"47":{"start":{"line":140,"column":12},"end":{"line":140,"column":29}},"48":{"start":{"line":144,"column":8},"end":{"line":192,"column":9}},"49":{"start":{"line":145,"column":29},"end":{"line":169,"column":14}},"50":{"start":{"line":146,"column":16},"end":{"line":168,"column":17}},"51":{"start":{"line":147,"column":33},"end":{"line":149,"column":22}},"52":{"start":{"line":150,"column":20},"end":{"line":164,"column":21}},"53":{"start":{"line":151,"column":24},"end":{"line":156,"column":26}},"54":{"start":{"line":158,"column":24},"end":{"line":163,"column":26}},"55":{"start":{"line":165,"column":20},"end":{"line":165,"column":34}},"56":{"start":{"line":167,"column":20},"end":{"line":167,"column":48}},"57":{"start":{"line":170,"column":26},"end":{"line":170,"column":94}},"58":{"start":{"line":171,"column":12},"end":{"line":189,"column":13}},"59":{"start":{"line":172,"column":34},"end":{"line":174,"column":18}},"60":{"start":{"line":175,"column":16},"end":{"line":181,"column":18}},"61":{"start":{"line":183,"column":16},"end":{"line":188,"column":18}},"62":{"start":{"line":191,"column":12},"end":{"line":191,"column":29}},"63":{"start":{"line":195,"column":8},"end":{"line":228,"column":9}},"64":{"start":{"line":196,"column":27},"end":{"line":209,"column":14}},"65":{"start":{"line":197,"column":16},"end":{"line":208,"column":17}},"66":{"start":{"line":198,"column":33},"end":{"line":198,"column":116}},"67":{"start":{"line":199,"column":20},"end":{"line":201,"column":22}},"68":{"start":{"line":203,"column":20},"end":{"line":205,"column":22}},"69":{"start":{"line":207,"column":20},"end":{"line":207,"column":48}},"70":{"start":{"line":210,"column":12},"end":{"line":224,"column":13}},"71":{"start":{"line":211,"column":16},"end":{"line":216,"column":18}},"72":{"start":{"line":218,"column":16},"end":{"line":223,"column":18}},"73":{"start":{"line":225,"column":12},"end":{"line":225,"column":28}},"74":{"start":{"line":227,"column":12},"end":{"line":227,"column":29}},"75":{"start":{"line":231,"column":8},"end":{"line":266,"column":9}},"76":{"start":{"line":232,"column":27},"end":{"line":247,"column":14}},"77":{"start":{"line":233,"column":16},"end":{"line":246,"column":17}},"78":{"start":{"line":234,"column":20},"end":{"line":236,"column":23}},"79":{"start":{"line":237,"column":20},"end":{"line":239,"column":22}},"80":{"start":{"line":241,"column":20},"end":{"line":243,"column":22}},"81":{"start":{"line":245,"column":20},"end":{"line":245,"column":48}},"82":{"start":{"line":248,"column":12},"end":{"line":262,"column":13}},"83":{"start":{"line":249,"column":16},"end":{"line":254,"column":18}},"84":{"start":{"line":256,"column":16},"end":{"line":261,"column":18}},"85":{"start":{"line":263,"column":12},"end":{"line":263,"column":28}},"86":{"start":{"line":265,"column":12},"end":{"line":265,"column":29}},"87":{"start":{"line":269,"column":8},"end":{"line":285,"column":9}},"88":{"start":{"line":270,"column":27},"end":{"line":276,"column":13}},"89":{"start":{"line":274,"column":20},"end":{"line":274,"column":43}},"90":{"start":{"line":277,"column":12},"end":{"line":282,"column":14}},"91":{"start":{"line":284,"column":12},"end":{"line":284,"column":29}}},"fnMap":{"0":{"name":"(anonymous_0)","decl":{"start":{"line":14,"column":19},"end":{"line":14,"column":20}},"loc":{"start":{"line":14,"column":36},"end":{"line":59,"column":5}},"line":14},"1":{"name":"(anonymous_1)","decl":{"start":{"line":16,"column":48},"end":{"line":16,"column":49}},"loc":{"start":{"line":16,"column":68},"end":{"line":38,"column":13}},"line":16},"2":{"name":"(anonymous_2)","decl":{"start":{"line":60,"column":14},"end":{"line":60,"column":15}},"loc":{"start":{"line":60,"column":30},"end":{"line":97,"column":5}},"line":60},"3":{"name":"(anonymous_3)","decl":{"start":{"line":62,"column":48},"end":{"line":62,"column":49}},"loc":{"start":{"line":62,"column":68},"end":{"line":77,"column":13}},"line":62},"4":{"name":"(anonymous_4)","decl":{"start":{"line":98,"column":16},"end":{"line":98,"column":17}},"loc":{"start":{"line":98,"column":33},"end":{"line":142,"column":5}},"line":98},"5":{"name":"(anonymous_5)","decl":{"start":{"line":100,"column":48},"end":{"line":100,"column":49}},"loc":{"start":{"line":100,"column":68},"end":{"line":122,"column":13}},"line":100},"6":{"name":"(anonymous_6)","decl":{"start":{"line":143,"column":11},"end":{"line":143,"column":12}},"loc":{"start":{"line":143,"column":28},"end":{"line":193,"column":5}},"line":143},"7":{"name":"(anonymous_7)","decl":{"start":{"line":145,"column":50},"end":{"line":145,"column":51}},"loc":{"start":{"line":145,"column":70},"end":{"line":169,"column":13}},"line":145},"8":{"name":"(anonymous_8)","decl":{"start":{"line":194,"column":22},"end":{"line":194,"column":23}},"loc":{"start":{"line":194,"column":39},"end":{"line":229,"column":5}},"line":194},"9":{"name":"(anonymous_9)","decl":{"start":{"line":196,"column":48},"end":{"line":196,"column":49}},"loc":{"start":{"line":196,"column":68},"end":{"line":209,"column":13}},"line":196},"10":{"name":"(anonymous_10)","decl":{"start":{"line":230,"column":16},"end":{"line":230,"column":17}},"loc":{"start":{"line":230,"column":32},"end":{"line":267,"column":5}},"line":230},"11":{"name":"(anonymous_11)","decl":{"start":{"line":232,"column":48},"end":{"line":232,"column":49}},"loc":{"start":{"line":232,"column":68},"end":{"line":247,"column":13}},"line":232},"12":{"name":"(anonymous_12)","decl":{"start":{"line":268,"column":17},"end":{"line":268,"column":18}},"loc":{"start":{"line":268,"column":33},"end":{"line":286,"column":5}},"line":268},"13":{"name":"(anonymous_13)","decl":{"start":{"line":273,"column":16},"end":{"line":273,"column":17}},"loc":{"start":{"line":273,"column":35},"end":{"line":275,"column":17}},"line":273}},"branchMap":{"0":{"loc":{"start":{"line":19,"column":20},"end":{"line":33,"column":21}},"type":"if","locations":[{"start":{"line":19,"column":20},"end":{"line":33,"column":21}},{"start":{"line":26,"column":27},"end":{"line":33,"column":21}}],"line":19},"1":{"loc":{"start":{"line":40,"column":12},"end":{"line":54,"column":13}},"type":"if","locations":[{"start":{"line":40,"column":12},"end":{"line":54,"column":13}},{"start":{"line":47,"column":19},"end":{"line":54,"column":13}}],"line":40},"2":{"loc":{"start":{"line":78,"column":12},"end":{"line":92,"column":13}},"type":"if","locations":[{"start":{"line":78,"column":12},"end":{"line":92,"column":13}},{"start":{"line":85,"column":19},"end":{"line":92,"column":13}}],"line":78},"3":{"loc":{"start":{"line":103,"column":20},"end":{"line":117,"column":21}},"type":"if","locations":[{"start":{"line":103,"column":20},"end":{"line":117,"column":21}},{"start":{"line":110,"column":27},"end":{"line":117,"column":21}}],"line":103},"4":{"loc":{"start":{"line":123,"column":12},"end":{"line":137,"column":13}},"type":"if","locations":[{"start":{"line":123,"column":12},"end":{"line":137,"column":13}},{"start":{"line":130,"column":19},"end":{"line":137,"column":13}}],"line":123},"5":{"loc":{"start":{"line":150,"column":20},"end":{"line":164,"column":21}},"type":"if","locations":[{"start":{"line":150,"column":20},"end":{"line":164,"column":21}},{"start":{"line":157,"column":27},"end":{"line":164,"column":21}}],"line":150},"6":{"loc":{"start":{"line":171,"column":12},"end":{"line":189,"column":13}},"type":"if","locations":[{"start":{"line":171,"column":12},"end":{"line":189,"column":13}},{"start":{"line":182,"column":19},"end":{"line":189,"column":13}}],"line":171},"7":{"loc":{"start":{"line":210,"column":12},"end":{"line":224,"column":13}},"type":"if","locations":[{"start":{"line":210,"column":12},"end":{"line":224,"column":13}},{"start":{"line":217,"column":19},"end":{"line":224,"column":13}}],"line":210},"8":{"loc":{"start":{"line":248,"column":12},"end":{"line":262,"column":13}},"type":"if","locations":[{"start":{"line":248,"column":12},"end":{"line":262,"column":13}},{"start":{"line":255,"column":19},"end":{"line":262,"column":13}}],"line":248}},"s":{"0":1,"1":1,"2":1,"3":1,"4":1,"5":1,"6":2,"7":2,"8":2,"9":2,"10":2,"11":1,"12":1,"13":2,"14":2,"15":2,"16":1,"17":1,"18":2,"19":0,"20":1,"21":1,"22":1,"23":1,"24":1,"25":1,"26":1,"27":0,"28":1,"29":1,"30":1,"31":0,"32":1,"33":0,"34":1,"35":1,"36":1,"37":1,"38":1,"39":0,"40":1,"41":1,"42":1,"43":1,"44":1,"45":0,"46":1,"47":0,"48":2,"49":2,"50":2,"51":2,"52":2,"53":0,"54":2,"55":2,"56":2,"57":2,"58":2,"59":2,"60":2,"61":0,"62":0,"63":1,"64":1,"65":1,"66":1,"67":1,"68":0,"69":1,"70":1,"71":1,"72":0,"73":1,"74":0,"75":1,"76":1,"77":1,"78":1,"79":1,"80":0,"81":1,"82":1,"83":1,"84":0,"85":1,"86":0,"87":1,"88":1,"89":1,"90":1,"91":0},"f":{"0":2,"1":2,"2":1,"3":1,"4":1,"5":1,"6":2,"7":2,"8":1,"9":1,"10":1,"11":1,"12":1,"13":1},"b":{"0":[1,1],"1":[1,1],"2":[1,0],"3":[0,1],"4":[1,0],"5":[0,2],"6":[2,0],"7":[1,0],"8":[1,0]},"_coverageSchema":"1a1c01bbd47fc00a2c39e90264f33305004495a9","hash":"ca000d5d108a6d8394baa0970609b9935e2f2719"}
,"W:\\University\\Year 3-2\\Software Development\\Project\\v1.0\\Backend\\schemas\\book-schema.js": {"path":"W:\\University\\Year 3-2\\Software Development\\Project\\v1.0\\Backend\\schemas\\book-schema.js","statementMap":{"0":{"start":{"line":3,"column":17},"end":{"line":3,"column":36}},"1":{"start":{"line":5,"column":18},"end":{"line":8,"column":1}},"2":{"start":{"line":10,"column":17},"end":{"line":13,"column":1}},"3":{"start":{"line":15,"column":19},"end":{"line":24,"column":2}},"4":{"start":{"line":26,"column":0},"end":{"line":26,"column":53}}},"fnMap":{},"branchMap":{},"s":{"0":1,"1":1,"2":1,"3":1,"4":1},"f":{},"b":{},"_coverageSchema":"1a1c01bbd47fc00a2c39e90264f33305004495a9","hash":"dbfa1c72c613b1059653c39ffe3fcde185e6f97f"}
,"W:\\University\\Year 3-2\\Software Development\\Project\\v1.0\\Backend\\schemas\\owned-book-schema.js": {"path":"W:\\University\\Year 3-2\\Software Development\\Project\\v1.0\\Backend\\schemas\\owned-book-schema.js","statementMap":{"0":{"start":{"line":3,"column":17},"end":{"line":3,"column":36}},"1":{"start":{"line":5,"column":18},"end":{"line":8,"column":1}},"2":{"start":{"line":10,"column":24},"end":{"line":13,"column":2}},"3":{"start":{"line":15,"column":0},"end":{"line":15,"column":64}}},"fnMap":{},"branchMap":{},"s":{"0":1,"1":1,"2":1,"3":1},"f":{},"b":{},"_coverageSchema":"1a1c01bbd47fc00a2c39e90264f33305004495a9","hash":"a2ae809d7c28e9a319cab26052e912d107dc5e5f"}
,"W:\\University\\Year 3-2\\Software Development\\Project\\v1.0\\Backend\\schemas\\reward-history-schema.js": {"path":"W:\\University\\Year 3-2\\Software Development\\Project\\v1.0\\Backend\\schemas\\reward-history-schema.js","statementMap":{"0":{"start":{"line":3,"column":17},"end":{"line":3,"column":36}},"1":{"start":{"line":5,"column":18},"end":{"line":8,"column":1}},"2":{"start":{"line":10,"column":16},"end":{"line":13,"column":1}},"3":{"start":{"line":15,"column":28},"end":{"line":19,"column":2}},"4":{"start":{"line":21,"column":0},"end":{"line":21,"column":72}}},"fnMap":{},"branchMap":{},"s":{"0":1,"1":1,"2":1,"3":1,"4":1},"f":{},"b":{},"_coverageSchema":"1a1c01bbd47fc00a2c39e90264f33305004495a9","hash":"77c3a2308e8064de2228f338ea3fce9f16d62049"}
,"W:\\University\\Year 3-2\\Software Development\\Project\\v1.0\\Backend\\schemas\\reward-schema.js": {"path":"W:\\University\\Year 3-2\\Software Development\\Project\\v1.0\\Backend\\schemas\\reward-schema.js","statementMap":{"0":{"start":{"line":3,"column":17},"end":{"line":3,"column":36}},"1":{"start":{"line":5,"column":18},"end":{"line":8,"column":1}},"2":{"start":{"line":10,"column":18},"end":{"line":13,"column":1}},"3":{"start":{"line":15,"column":21},"end":{"line":21,"column":2}},"4":{"start":{"line":23,"column":0},"end":{"line":23,"column":57}}},"fnMap":{},"branchMap":{},"s":{"0":1,"1":1,"2":1,"3":1,"4":1},"f":{},"b":{},"_coverageSchema":"1a1c01bbd47fc00a2c39e90264f33305004495a9","hash":"6b5e407224ae3646d6e7b2fe9fe52226db1cbb07"}
,"W:\\University\\Year 3-2\\Software Development\\Project\\v1.0\\Backend\\schemas\\user-schema.js": {"path":"W:\\University\\Year 3-2\\Software Development\\Project\\v1.0\\Backend\\schemas\\user-schema.js","statementMap":{"0":{"start":{"line":3,"column":17},"end":{"line":3,"column":36}},"1":{"start":{"line":5,"column":18},"end":{"line":8,"column":1}},"2":{"start":{"line":10,"column":17},"end":{"line":13,"column":1}},"3":{"start":{"line":15,"column":18},"end":{"line":18,"column":1}},"4":{"start":{"line":20,"column":19},"end":{"line":29,"column":2}},"5":{"start":{"line":31,"column":0},"end":{"line":31,"column":53}}},"fnMap":{},"branchMap":{},"s":{"0":1,"1":1,"2":1,"3":1,"4":1,"5":1},"f":{},"b":{},"_coverageSchema":"1a1c01bbd47fc00a2c39e90264f33305004495a9","hash":"38213602dea35ac41a43e4420207bf92b688fc07"}
}
