TN:
SF:core\connect.js
FN:5,(anonymous_0)
FNF:1
FNH:1
FNDA:18,(anonymous_0)
DA:2,1
DA:3,1
DA:5,1
DA:6,18
DA:11,18
LF:5
LH:5
BRF:0
BRH:0
end_of_record
TN:
SF:model\book-model.js
FN:14,(anonymous_0)
FN:16,(anonymous_1)
FN:44,(anonymous_2)
FN:46,(anonymous_3)
FN:74,(anonymous_4)
FN:76,(anonymous_5)
FN:110,(anonymous_6)
FN:112,(anonymous_7)
FN:160,(anonymous_8)
FN:162,(anonymous_9)
FNF:10
FNH:8
FNDA:1,(anonymous_0)
FNDA:1,(anonymous_1)
FNDA:1,(anonymous_2)
FNDA:1,(anonymous_3)
FNDA:1,(anonymous_4)
FNDA:1,(anonymous_5)
FNDA:0,(anonymous_6)
FNDA:0,(anonymous_7)
FNDA:1,(anonymous_8)
FNDA:1,(anonymous_9)
DA:3,1
DA:4,1
DA:5,1
DA:8,1
DA:13,1
DA:15,1
DA:16,1
DA:17,1
DA:18,1
DA:19,1
DA:20,0
DA:27,1
DA:34,1
DA:36,1
DA:39,1
DA:41,0
DA:45,1
DA:46,1
DA:47,1
DA:48,1
DA:49,1
DA:50,0
DA:57,1
DA:64,1
DA:66,1
DA:69,1
DA:71,0
DA:75,1
DA:76,1
DA:77,1
DA:78,1
DA:79,1
DA:83,0
DA:87,1
DA:90,1
DA:91,1
DA:98,0
DA:105,1
DA:107,0
DA:111,0
DA:112,0
DA:113,0
DA:114,0
DA:129,0
DA:133,0
DA:137,0
DA:140,0
DA:141,0
DA:148,0
DA:155,0
DA:157,0
DA:161,1
DA:162,1
DA:163,1
DA:164,1
DA:167,1
DA:171,0
DA:175,1
DA:178,1
DA:179,1
DA:186,0
DA:193,1
DA:195,0
LF:63
LH:41
BRDA:19,0,0,0
BRDA:19,0,1,1
BRDA:49,1,0,0
BRDA:49,1,1,1
BRDA:90,2,0,1
BRDA:90,2,1,0
BRDA:140,3,0,0
BRDA:140,3,1,0
BRDA:178,4,0,1
BRDA:178,4,1,0
BRF:10
BRH:4
end_of_record
TN:
SF:model\owned-book-model.js
FN:14,(anonymous_0)
FN:16,(anonymous_1)
FN:58,(anonymous_2)
FN:60,(anonymous_3)
FNF:4
FNH:4
FNDA:1,(anonymous_0)
FNDA:1,(anonymous_1)
FNDA:1,(anonymous_2)
FNDA:1,(anonymous_3)
DA:3,1
DA:4,1
DA:5,1
DA:8,1
DA:13,1
DA:15,1
DA:16,1
DA:17,1
DA:18,1
DA:33,1
DA:34,0
DA:41,1
DA:48,1
DA:50,1
DA:53,1
DA:55,0
DA:59,1
DA:60,1
DA:61,1
DA:62,1
DA:63,1
DA:67,0
DA:71,1
DA:74,1
DA:75,1
DA:82,0
DA:89,1
DA:91,0
LF:28
LH:23
BRDA:33,0,0,0
BRDA:33,0,1,1
BRDA:74,1,0,1
BRDA:74,1,1,0
BRF:4
BRH:2
end_of_record
TN:
SF:model\reward-history-model.js
FN:12,(anonymous_0)
FN:14,(anonymous_1)
FN:19,(anonymous_2)
FN:63,(anonymous_3)
FN:65,(anonymous_4)
FN:99,(anonymous_5)
FN:101,(anonymous_6)
FNF:7
FNH:0
FNDA:0,(anonymous_0)
FNDA:0,(anonymous_1)
FNDA:0,(anonymous_2)
FNDA:0,(anonymous_3)
FNDA:0,(anonymous_4)
FNDA:0,(anonymous_5)
FNDA:0,(anonymous_6)
DA:2,1
DA:3,1
DA:6,1
DA:11,1
DA:13,0
DA:14,0
DA:15,0
DA:16,0
DA:20,0
DA:25,0
DA:38,0
DA:39,0
DA:46,0
DA:53,0
DA:55,0
DA:58,0
DA:60,0
DA:64,0
DA:65,0
DA:66,0
DA:67,0
DA:68,0
DA:72,0
DA:76,0
DA:79,0
DA:80,0
DA:87,0
DA:94,0
DA:96,0
DA:100,0
DA:101,0
DA:102,0
DA:103,0
DA:104,0
DA:105,0
DA:112,0
DA:119,0
DA:121,0
DA:124,0
DA:126,0
LF:40
LH:4
BRDA:38,0,0,0
BRDA:38,0,1,0
BRDA:79,1,0,0
BRDA:79,1,1,0
BRDA:104,2,0,0
BRDA:104,2,1,0
BRF:6
BRH:0
end_of_record
TN:
SF:model\reward-model.js
FN:11,(anonymous_0)
FN:13,(anonymous_1)
FN:41,(anonymous_2)
FN:43,(anonymous_3)
FN:71,(anonymous_4)
FN:73,(anonymous_5)
FN:107,(anonymous_6)
FN:109,(anonymous_7)
FN:154,(anonymous_8)
FN:156,(anonymous_9)
FNF:10
FNH:8
FNDA:1,(anonymous_0)
FNDA:1,(anonymous_1)
FNDA:1,(anonymous_2)
FNDA:1,(anonymous_3)
FNDA:1,(anonymous_4)
FNDA:1,(anonymous_5)
FNDA:0,(anonymous_6)
FNDA:0,(anonymous_7)
FNDA:1,(anonymous_8)
FNDA:1,(anonymous_9)
DA:2,1
DA:5,1
DA:10,1
DA:12,1
DA:13,1
DA:14,1
DA:15,1
DA:16,1
DA:17,0
DA:24,1
DA:31,1
DA:33,1
DA:36,1
DA:38,0
DA:42,1
DA:43,1
DA:44,1
DA:45,1
DA:46,1
DA:47,0
DA:54,1
DA:61,1
DA:63,1
DA:66,1
DA:68,0
DA:72,1
DA:73,1
DA:74,1
DA:75,1
DA:76,1
DA:80,0
DA:84,1
DA:87,1
DA:88,1
DA:95,0
DA:102,1
DA:104,0
DA:108,0
DA:109,0
DA:110,0
DA:111,0
DA:123,0
DA:127,0
DA:131,0
DA:134,0
DA:135,0
DA:142,0
DA:149,0
DA:151,0
DA:155,1
DA:156,1
DA:157,1
DA:158,1
DA:161,1
DA:165,0
DA:169,1
DA:172,1
DA:173,1
DA:180,0
DA:187,1
DA:189,0
LF:61
LH:39
BRDA:16,0,0,0
BRDA:16,0,1,1
BRDA:46,1,0,0
BRDA:46,1,1,1
BRDA:87,2,0,1
BRDA:87,2,1,0
BRDA:134,3,0,0
BRDA:134,3,1,0
BRDA:172,4,0,1
BRDA:172,4,1,0
BRF:10
BRH:4
end_of_record
TN:
SF:model\user-model.js
FN:14,(anonymous_0)
FN:16,(anonymous_1)
FN:60,(anonymous_2)
FN:62,(anonymous_3)
FN:98,(anonymous_4)
FN:100,(anonymous_5)
FN:143,(anonymous_6)
FN:145,(anonymous_7)
FN:194,(anonymous_8)
FN:196,(anonymous_9)
FN:230,(anonymous_10)
FN:232,(anonymous_11)
FN:268,(anonymous_12)
FN:273,(anonymous_13)
FNF:14
FNH:14
FNDA:2,(anonymous_0)
FNDA:2,(anonymous_1)
FNDA:1,(anonymous_2)
FNDA:1,(anonymous_3)
FNDA:1,(anonymous_4)
FNDA:1,(anonymous_5)
FNDA:2,(anonymous_6)
FNDA:2,(anonymous_7)
FNDA:1,(anonymous_8)
FNDA:1,(anonymous_9)
FNDA:1,(anonymous_10)
FNDA:1,(anonymous_11)
FNDA:1,(anonymous_12)
FNDA:1,(anonymous_13)
DA:2,1
DA:3,1
DA:4,1
DA:5,1
DA:8,1
DA:13,1
DA:15,2
DA:16,2
DA:17,2
DA:18,2
DA:19,2
DA:20,1
DA:27,1
DA:34,2
DA:36,2
DA:40,2
DA:41,1
DA:48,1
DA:55,2
DA:57,0
DA:61,1
DA:62,1
DA:63,1
DA:64,1
DA:65,1
DA:66,1
DA:67,1
DA:71,0
DA:75,1
DA:78,1
DA:79,1
DA:86,0
DA:93,1
DA:95,0
DA:99,1
DA:100,1
DA:101,1
DA:102,1
DA:103,1
DA:104,0
DA:111,1
DA:118,1
DA:120,1
DA:123,1
DA:124,1
DA:131,0
DA:138,1
DA:140,0
DA:144,2
DA:145,2
DA:146,2
DA:147,2
DA:150,2
DA:151,0
DA:158,2
DA:165,2
DA:167,2
DA:170,2
DA:171,2
DA:172,2
DA:175,2
DA:183,0
DA:191,0
DA:195,1
DA:196,1
DA:197,1
DA:198,1
DA:199,1
DA:203,0
DA:207,1
DA:210,1
DA:211,1
DA:218,0
DA:225,1
DA:227,0
DA:231,1
DA:232,1
DA:233,1
DA:234,1
DA:237,1
DA:241,0
DA:245,1
DA:248,1
DA:249,1
DA:256,0
DA:263,1
DA:265,0
DA:269,1
DA:270,1
DA:274,1
DA:277,1
DA:284,0
LF:92
LH:75
BRDA:19,0,0,1
BRDA:19,0,1,1
BRDA:40,1,0,1
BRDA:40,1,1,1
BRDA:78,2,0,1
BRDA:78,2,1,0
BRDA:103,3,0,0
BRDA:103,3,1,1
BRDA:123,4,0,1
BRDA:123,4,1,0
BRDA:150,5,0,0
BRDA:150,5,1,2
BRDA:171,6,0,2
BRDA:171,6,1,0
BRDA:210,7,0,1
BRDA:210,7,1,0
BRDA:248,8,0,1
BRDA:248,8,1,0
BRF:18
BRH:11
end_of_record
TN:
SF:schemas\book-schema.js
FNF:0
FNH:0
DA:3,1
DA:5,1
DA:10,1
DA:15,1
DA:26,1
LF:5
LH:5
BRF:0
BRH:0
end_of_record
TN:
SF:schemas\owned-book-schema.js
FNF:0
FNH:0
DA:3,1
DA:5,1
DA:10,1
DA:15,1
LF:4
LH:4
BRF:0
BRH:0
end_of_record
TN:
SF:schemas\reward-history-schema.js
FNF:0
FNH:0
DA:3,1
DA:5,1
DA:10,1
DA:15,1
DA:21,1
LF:5
LH:5
BRF:0
BRH:0
end_of_record
TN:
SF:schemas\reward-schema.js
FNF:0
FNH:0
DA:3,1
DA:5,1
DA:10,1
DA:15,1
DA:23,1
LF:5
LH:5
BRF:0
BRH:0
end_of_record
TN:
SF:schemas\user-schema.js
FNF:0
FNH:0
DA:3,1
DA:5,1
DA:10,1
DA:15,1
DA:20,1
DA:31,1
LF:6
LH:6
BRF:0
BRH:0
end_of_record
